#
# A fatal error has been detected by the Java Runtime Environment:
#
#  EXCEPTION_ACCESS_VIOLATION (0xc0000005) at pc=0x00007ff967351ed4, pid=241792, tid=241208
#
# JRE version: Java(TM) SE Runtime Environment (8.0_45-b14) (build 1.8.0_45-b14)
# Java VM: Java HotSpot(TM) 64-Bit Server VM (25.45-b02 mixed mode windows-amd64 compressed oops)
# Problematic frame:
# C  [OPENGL32.dll+0xe1ed4]
#
# Failed to write core dump. Minidumps are not enabled by default on client versions of Windows
#
# If you would like to submit a bug report, please visit:
#   http://bugreport.java.com/bugreport/crash.jsp
#

---------------  T H R E A D  ---------------

Current thread (0x0000000017c2a000):  VMThread [stack: 0x00000000198f0000,0x00000000199f0000] [id=241208]

siginfo: ExceptionCode=0xc0000005, reading address 0x0000000000000a38

Registers:
RAX=0x0000000000000000, RBX=0x00000000220b2270, RCX=0x0000000000000001, RDX=0x00000000220b2278
RSP=0x00000000199ef618, RBP=0x0000000000000000, RSI=0x00000000220b5cf0, RDI=0x00000000220b5cf0
R8 =0x00000000199ef698, R9 =0x0000000017ab5400, R10=0x0000000000000000, R11=0x0000000000000286
R12=0x0000000000000000, R13=0x0000000021da72f0, R14=0x0000000021da71a0, R15=0x0000000000000000
RIP=0x00007ff967351ed4, EFLAGS=0x0000000000010287

Top of Stack: (sp=0x00000000199ef618)
0x00000000199ef618:   00007ff9670826cb 0000000000000000
0x00000000199ef628:   0000000000000002 0000000021da72f0
0x00000000199ef638:   0000000000000001 0000000000000000
0x00000000199ef648:   00007ff967088197 0000000021da0000
0x00000000199ef658:   0000000021da0000 0000000000000000
0x00000000199ef668:   0000000000000000 fffffffffffffffe
0x00000000199ef678:   00000000199ef6e0 0000000000000000
0x00000000199ef688:   00007ff967088a49 00000000220b5cf0
0x00000000199ef698:   00000000220b63d0 00007ff9671717b0
0x00000000199ef6a8:   00007ff967105568 fffffffffffffffe
0x00000000199ef6b8:   0000000021da71a0 0000000000000001
0x00000000199ef6c8:   0000000021da72c8 0000000021da71a0
0x00000000199ef6d8:   00007ff96710d61d 00007ff9672465b0
0x00000000199ef6e8:   00007ff9671717a0 0000000017ab5400
0x00000000199ef6f8:   00007ff9500c1b46 0000000021da72c8
0x00000000199ef708:   0000000021da71a0 0000000021da71a0 

Instructions: (pc=0x00007ff967351ed4)
0x00007ff967351eb4:   cc cc cc cc cc cc 66 0f 1f 44 00 00 8b 05 42 71
0x00007ff967351ec4:   01 00 83 f8 40 73 0f 65 48 8b 04 c5 80 14 00 00
0x00007ff967351ed4:   ff a0 38 0a 00 00 b8 47 01 00 00 e9 ec d4 ff ff
0x00007ff967351ee4:   cc cc cc cc cc cc 66 0f 1f 44 00 00 8b 05 12 71 


Register to memory mapping:

RAX=0x0000000000000000 is an unknown value
RBX=0x00000000220b2270 is an unknown value
RCX=0x0000000000000001 is an unknown value
RDX=0x00000000220b2278 is an unknown value
RSP=0x00000000199ef618 is an unknown value
RBP=0x0000000000000000 is an unknown value
RSI=0x00000000220b5cf0 is an unknown value
RDI=0x00000000220b5cf0 is an unknown value
R8 =0x00000000199ef698 is an unknown value
R9 =0x0000000017ab5400 is an unknown value
R10=0x0000000000000000 is an unknown value
R11=0x0000000000000286 is an unknown value
R12=0x0000000000000000 is an unknown value
R13=0x0000000021da72f0 is an unknown value
R14=0x0000000021da71a0 is an unknown value
R15=0x0000000000000000 is an unknown value


Stack: [0x00000000198f0000,0x00000000199f0000],  sp=0x00000000199ef618,  free space=1021k
Native frames: (J=compiled Java code, j=interpreted, Vv=VM code, C=native code)

VM_Operation (0x0000000002a6f490): Exit, mode: safepoint, requested by thread 0x0000000002a90800


---------------  P R O C E S S  ---------------

Java Threads: ( => current thread )
  0x0000000019f90800 JavaThread "LWJGL Timer" daemon [_thread_blocked, id=241952, stack(0x00000000218f0000,0x00000000219f0000)]
  0x0000000019cb6800 JavaThread "Service Thread" daemon [_thread_blocked, id=241856, stack(0x000000001a5f0000,0x000000001a6f0000)]
  0x0000000019c37000 JavaThread "C1 CompilerThread3" daemon [_thread_blocked, id=227180, stack(0x000000001a4f0000,0x000000001a5f0000)]
  0x0000000019c24000 JavaThread "C2 CompilerThread2" daemon [_thread_blocked, id=237688, stack(0x000000001a3f0000,0x000000001a4f0000)]
  0x0000000019c1d800 JavaThread "C2 CompilerThread1" daemon [_thread_blocked, id=238136, stack(0x000000001a2f0000,0x000000001a3f0000)]
  0x0000000019c16800 JavaThread "C2 CompilerThread0" daemon [_thread_blocked, id=239920, stack(0x000000001a1f0000,0x000000001a2f0000)]
  0x0000000019c15000 JavaThread "Attach Listener" daemon [_thread_blocked, id=236696, stack(0x000000001a0f0000,0x000000001a1f0000)]
  0x0000000019c14000 JavaThread "Signal Dispatcher" daemon [_thread_blocked, id=241032, stack(0x0000000019ff0000,0x000000001a0f0000)]
  0x0000000017c2d000 JavaThread "Finalizer" daemon [_thread_blocked, id=241008, stack(0x0000000019af0000,0x0000000019bf0000)]
  0x0000000002b84800 JavaThread "Reference Handler" daemon [_thread_blocked, id=241504, stack(0x00000000199f0000,0x0000000019af0000)]
  0x0000000002a90800 JavaThread "main" [_thread_blocked, id=241836, stack(0x0000000002970000,0x0000000002a70000)]

Other Threads:
=>0x0000000017c2a000 VMThread [stack: 0x00000000198f0000,0x00000000199f0000] [id=241208]

VM state:at safepoint (shutting down)

VM Mutex/Monitor currently owned by a thread:  ([mutex/lock_event])
[0x0000000002c1c730] Threads_lock - owner thread: 0x0000000017c2a000

Heap:
 PSYoungGen      total 38400K, used 8675K [0x00000000d5900000, 0x00000000d8380000, 0x0000000100000000)
  eden space 33280K, 26% used [0x00000000d5900000,0x00000000d6178c70,0x00000000d7980000)
  from space 5120K, 0% used [0x00000000d7e80000,0x00000000d7e80000,0x00000000d8380000)
  to   space 5120K, 0% used [0x00000000d7980000,0x00000000d7980000,0x00000000d7e80000)
 ParOldGen       total 87552K, used 0K [0x0000000080a00000, 0x0000000085f80000, 0x00000000d5900000)
  object space 87552K, 0% used [0x0000000080a00000,0x0000000080a00000,0x0000000085f80000)
 Metaspace       used 5618K, capacity 6339K, committed 6528K, reserved 1056768K
  class space    used 537K, capacity 592K, committed 640K, reserved 1048576K

Card table byte_map: [0x0000000011fe0000,0x00000000123e0000] byte_map_base: 0x0000000011bdb000

Marking Bits: (ParMarkBitMap*) 0x0000000065214040
 Begin Bits: [0x0000000012e90000, 0x0000000014e68000)
 End Bits:   [0x0000000014e68000, 0x0000000016e40000)

Polling page: 0x00000000011c0000

CodeCache: size=245760Kb used=2492Kb max_used=2492Kb free=243267Kb
 bounds [0x0000000002c20000, 0x0000000002ea0000, 0x0000000011c20000]
 total_blobs=978 nmethods=588 adapters=304
 compilation: enabled

Compilation events (10 events):
Event: 28.057 Thread 0x0000000019c37000 nmethod 583 0x0000000002e8e7d0 code [0x0000000002e8e920, 0x0000000002e8ea50]
Event: 28.072 Thread 0x0000000019c37000  584       3       java.nio.Bits::putIntB (43 bytes)
Event: 28.073 Thread 0x0000000019c37000 nmethod 584 0x0000000002e8ead0 code [0x0000000002e8ec80, 0x0000000002e8f278]
Event: 28.073 Thread 0x0000000019c37000  585       3       java.nio.Bits::makeInt (29 bytes)
Event: 28.073 Thread 0x0000000019c37000 nmethod 585 0x0000000002e8f490 code [0x0000000002e8f5e0, 0x0000000002e8f730]
Event: 28.639 Thread 0x0000000019c37000  587       3       org.newdawn.slick.state.StateBasedGame::transitioning (20 bytes)
Event: 28.639 Thread 0x0000000019c37000 nmethod 587 0x0000000002e8f7d0 code [0x0000000002e8f920, 0x0000000002e8fb10]
Event: 28.639 Thread 0x0000000019c37000  586       1       org.newdawn.slick.state.BasicGameState::isAcceptingInput (2 bytes)
Event: 28.639 Thread 0x0000000019c37000 nmethod 586 0x0000000002e8fb90 code [0x0000000002e8fce0, 0x0000000002e8fdf0]
Event: 29.102 Thread 0x0000000019c37000  589   !   3       java.net.URL::<init> (543 bytes)

GC Heap History (0 events):
No events

Deoptimization events (0 events):
No events

Internal exceptions (7 events):
Event: 0.050 Thread 0x0000000002a90800 Exception <a 'java/lang/NoSuchMethodError': Method sun.misc.Unsafe.defineClass(Ljava/lang/String;[BII)Ljava/lang/Class; name or signature does not match> (0x00000000d590ce88) thrown at [C:\re\workspace\8-2-build-windows-amd64-cygwin\jdk8u45\3457\hotspot\sržô|î²©?
Event: 0.050 Thread 0x0000000002a90800 Exception <a 'java/lang/NoSuchMethodError': Method sun.misc.Unsafe.prefetchRead(Ljava/lang/Object;J)V name or signature does not match> (0x00000000d590d118) thrown at [C:\re\workspace\8-2-build-windows-amd64-cygwin\jdk8u45\3457\hotspot\src\share\vm\prims\jâ³³Ê$ëÐ?
Event: 0.264 Thread 0x0000000002a90800 Exception <a 'java/security/PrivilegedActionException'> (0x00000000d5c44b90) thrown at [C:\re\workspace\8-2-build-windows-amd64-cygwin\jdk8u45\3457\hotspot\src\share\vm\prims\jvm.cpp, line 1382]
Event: 0.264 Thread 0x0000000002a90800 Exception <a 'java/security/PrivilegedActionException'> (0x00000000d5c44d48) thrown at [C:\re\workspace\8-2-build-windows-amd64-cygwin\jdk8u45\3457\hotspot\src\share\vm\prims\jvm.cpp, line 1382]
Event: 0.265 Thread 0x0000000002a90800 Exception <a 'java/security/PrivilegedActionException'> (0x00000000d5c48860) thrown at [C:\re\workspace\8-2-build-windows-amd64-cygwin\jdk8u45\3457\hotspot\src\share\vm\prims\jvm.cpp, line 1382]
Event: 0.265 Thread 0x0000000002a90800 Exception <a 'java/security/PrivilegedActionException'> (0x00000000d5c48a18) thrown at [C:\re\workspace\8-2-build-windows-amd64-cygwin\jdk8u45\3457\hotspot\src\share\vm\prims\jvm.cpp, line 1382]
Event: 1.011 Thread 0x0000000002a90800 Exception <a 'java/lang/NoClassDefFoundError': net/java/games/input/ControllerEnvironment> (0x00000000d60438c0) thrown at [C:\re\workspace\8-2-build-windows-amd64-cygwin\jdk8u45\3457\hotspot\src\share\vm\classfile\systemDictionary.cpp, line 199]

Events (10 events):
Event: 29.103 loading class org/lwjgl/openal/ALC11 done
Event: 29.104 loading class org/lwjgl/openal/EFX10
Event: 29.104 loading class org/lwjgl/openal/EFX10 done
Event: 29.105 loading class java/util/IdentityHashMap$KeySet
Event: 29.105 loading class java/util/IdentityHashMap$KeySet done
Event: 29.105 loading class java/util/IdentityHashMap$KeyIterator
Event: 29.105 loading class java/util/IdentityHashMap$IdentityHashMapIterator
Event: 29.105 loading class java/util/IdentityHashMap$IdentityHashMapIterator done
Event: 29.105 loading class java/util/IdentityHashMap$KeyIterator done
Event: 29.105 Executing VM operation: Exit


Dynamic libraries:
0x00007ff60faa0000 - 0x00007ff60fad7000 	C:\Program Files\Java\jre1.8.0_45\bin\javaw.exe
0x00007ff995c50000 - 0x00007ff995e11000 	C:\WINDOWS\SYSTEM32\ntdll.dll
0x00007ff9957c0000 - 0x00007ff99586d000 	C:\WINDOWS\system32\KERNEL32.DLL
0x00007ff992e10000 - 0x00007ff992fed000 	C:\WINDOWS\system32\KERNELBASE.dll
0x00007ff993980000 - 0x00007ff993a26000 	C:\WINDOWS\system32\ADVAPI32.dll
0x00007ff995720000 - 0x00007ff9957bd000 	C:\WINDOWS\system32\msvcrt.dll
0x00007ff993c10000 - 0x00007ff993c6b000 	C:\WINDOWS\system32\sechost.dll
0x00007ff993c70000 - 0x00007ff993d96000 	C:\WINDOWS\system32\RPCRT4.dll
0x00007ff9936a0000 - 0x00007ff9937ee000 	C:\WINDOWS\system32\USER32.dll
0x00007ff9937f0000 - 0x00007ff993976000 	C:\WINDOWS\system32\GDI32.dll
0x00007ff98ed40000 - 0x00007ff98efb4000 	C:\WINDOWS\WinSxS\amd64_microsoft.windows.common-controls_6595b64144ccf1df_6.0.10240.16384_none_f41f7b285750ef43\COMCTL32.dll
0x00007ff995c00000 - 0x00007ff995c36000 	C:\WINDOWS\system32\IMM32.DLL
0x00007ff9958d0000 - 0x00007ff995a2c000 	C:\WINDOWS\system32\MSCTF.dll
0x0000000064890000 - 0x0000000064962000 	C:\Program Files\Java\jre1.8.0_45\bin\msvcr100.dll
0x0000000064a10000 - 0x0000000065293000 	C:\Program Files\Java\jre1.8.0_45\bin\server\jvm.dll
0x00007ff995c40000 - 0x00007ff995c48000 	C:\WINDOWS\system32\PSAPI.DLL
0x00007ff985860000 - 0x00007ff985869000 	C:\WINDOWS\SYSTEM32\WSOCK32.dll
0x00007ff98f1f0000 - 0x00007ff98f1fa000 	C:\WINDOWS\SYSTEM32\VERSION.dll
0x00007ff990c70000 - 0x00007ff990c93000 	C:\WINDOWS\SYSTEM32\WINMM.dll
0x00007ff993b40000 - 0x00007ff993ba9000 	C:\WINDOWS\system32\WS2_32.dll
0x00007ff993410000 - 0x00007ff993418000 	C:\WINDOWS\system32\NSI.dll
0x00007ff990c40000 - 0x00007ff990c6c000 	C:\WINDOWS\SYSTEM32\WINMMBASE.dll
0x00007ff9931c0000 - 0x00007ff993204000 	C:\WINDOWS\system32\cfgmgr32.dll
0x00007ff990ff0000 - 0x00007ff991017000 	C:\WINDOWS\SYSTEM32\DEVOBJ.dll
0x00000000660e0000 - 0x00000000660ef000 	C:\Program Files\Java\jre1.8.0_45\bin\verify.dll
0x00000000660b0000 - 0x00000000660d9000 	C:\Program Files\Java\jre1.8.0_45\bin\java.dll
0x0000000066090000 - 0x00000000660a6000 	C:\Program Files\Java\jre1.8.0_45\bin\zip.dll
0x00007ff993ed0000 - 0x00007ff9953f2000 	C:\WINDOWS\system32\SHELL32.dll
0x00007ff9927e0000 - 0x00007ff992e08000 	C:\WINDOWS\system32\windows.storage.dll
0x00007ff993420000 - 0x00007ff99369c000 	C:\WINDOWS\system32\combase.dll
0x00007ff993bb0000 - 0x00007ff993c01000 	C:\WINDOWS\system32\shlwapi.dll
0x00007ff9926a0000 - 0x00007ff9926af000 	C:\WINDOWS\system32\kernel.appcore.dll
0x00007ff992720000 - 0x00007ff9927d3000 	C:\WINDOWS\system32\shcore.dll
0x00007ff9926b0000 - 0x00007ff9926fa000 	C:\WINDOWS\system32\powrprof.dll
0x00007ff992700000 - 0x00007ff992713000 	C:\WINDOWS\system32\profapi.dll
0x0000000180000000 - 0x0000000180053000 	C:\Users\Tyler\Desktop\God of Fire\God of Fire\lwjgl\native\windows\lwjgl64.dll
0x00007ff967270000 - 0x00007ff967398000 	C:\WINDOWS\SYSTEM32\OPENGL32.dll
0x00007ff9821d0000 - 0x00007ff9821fe000 	C:\WINDOWS\SYSTEM32\GLU32.dll
0x00007ff9703c0000 - 0x00007ff9704b6000 	C:\WINDOWS\SYSTEM32\DDRAW.dll
0x00007ff990d50000 - 0x00007ff990d58000 	C:\WINDOWS\SYSTEM32\DCIMAN32.dll
0x00007ff990f50000 - 0x00007ff990fe6000 	C:\WINDOWS\system32\uxtheme.dll
0x00007ff98a9e0000 - 0x00007ff98aa08000 	C:\Program Files (x86)\Raptr\ltc_help64-105427.dll
0x00007ff9932c0000 - 0x00007ff993314000 	C:\WINDOWS\system32\WINTRUST.dll
0x00007ff992680000 - 0x00007ff992691000 	C:\WINDOWS\system32\MSASN1.dll
0x00007ff992ff0000 - 0x00007ff9931b1000 	C:\WINDOWS\system32\CRYPT32.dll
0x00007ff98f9b0000 - 0x00007ff98f9d2000 	C:\WINDOWS\system32\dwmapi.dll
0x0000000063310000 - 0x000000006488e000 	C:\WINDOWS\SYSTEM32\nvoglv64.DLL
0x00007ff995a30000 - 0x00007ff995bf5000 	C:\WINDOWS\system32\SETUPAPI.dll
0x00007ff990970000 - 0x00007ff990983000 	C:\WINDOWS\SYSTEM32\WTSAPI32.dll
0x00007ff991a20000 - 0x00007ff991a52000 	C:\WINDOWS\SYSTEM32\ntmarta.dll
0x00007ff991790000 - 0x00007ff9917e8000 	C:\WINDOWS\SYSTEM32\WINSTA.dll
0x00007ff9924a0000 - 0x00007ff99250b000 	C:\WINDOWS\SYSTEM32\bcryptPrimitives.dll
0x00007ff98f200000 - 0x00007ff98f291000 	C:\WINDOWS\SYSTEM32\mscms.dll
0x00007ff991c90000 - 0x00007ff991caf000 	C:\WINDOWS\SYSTEM32\USERENV.dll
0x00007ff97b8d0000 - 0x00007ff97b912000 	C:\WINDOWS\SYSTEM32\icm32.dll
0x0000000063170000 - 0x0000000063308000 	C:\Program Files\Java\jre1.8.0_45\bin\awt.dll
0x00007ff993e10000 - 0x00007ff993ece000 	C:\WINDOWS\system32\OLEAUT32.dll
0x00007ff990dd0000 - 0x00007ff990e48000 	C:\WINDOWS\system32\apphelp.dll
0x00007ff991f50000 - 0x00007ff991f67000 	C:\WINDOWS\system32\CRYPTSP.dll
0x00007ff9925b0000 - 0x00007ff9925d8000 	C:\WINDOWS\system32\bcrypt.dll
0x00007ff991ba0000 - 0x00007ff991bd3000 	C:\WINDOWS\system32\rsaenh.dll
0x00007ff9920c0000 - 0x00007ff9920cb000 	C:\WINDOWS\SYSTEM32\CRYPTBASE.dll
0x00007ff995700000 - 0x00007ff99571c000 	C:\WINDOWS\system32\imagehlp.dll
0x00007ff9915a0000 - 0x00007ff9915c3000 	C:\WINDOWS\SYSTEM32\gpapi.dll
0x00007ff98d2a0000 - 0x00007ff98d2cf000 	C:\Windows\System32\cryptnet.dll
0x00007ff993a30000 - 0x00007ff993a8b000 	C:\WINDOWS\system32\WLDAP32.dll
0x00007ff98faf0000 - 0x00007ff98fb28000 	C:\WINDOWS\SYSTEM32\IPHLPAPI.DLL
0x00007ff98fae0000 - 0x00007ff98faeb000 	C:\WINDOWS\SYSTEM32\WINNSI.DLL
0x00007ff967020000 - 0x00007ff967268000 	C:\PROGRA~2\Raptr\ltc_game64-105427.dll
0x00007ff9955b0000 - 0x00007ff9956f1000 	C:\WINDOWS\system32\ole32.dll
0x00007ff98e520000 - 0x00007ff98e8b0000 	C:\WINDOWS\SYSTEM32\nvapi64.dll
0x00007ff98eaf0000 - 0x00007ff98eb8c000 	C:\WINDOWS\SYSTEM32\dxgi.dll
0x00007ff987fd0000 - 0x00007ff989148000 	C:\WINDOWS\SYSTEM32\nvwgf2umx.dll
0x00000000224b0000 - 0x0000000022657000 	C:\WINDOWS\system32\nvspcap64.dll
0x00007ff98fa00000 - 0x00007ff98fad6000 	C:\WINDOWS\SYSTEM32\WINHTTP.dll
0x00007ff9922a0000 - 0x00007ff9922cc000 	C:\WINDOWS\SYSTEM32\SspiCli.dll
0x00007ff98da00000 - 0x00007ff98db8a000 	C:\WINDOWS\SYSTEM32\dbghelp.dll

VM Arguments:
jvm_args: -Djava.library.path=C:\Users\Tyler\Desktop\God of Fire\God of Fire\lwjgl\native\windows -Dfile.encoding=Cp1252 
java_command: com.monochromatic.god_of_fire.Main
java_class_path (initial): C:\Users\Tyler\Desktop\God of Fire\God of Fire\bin;C:\Users\Tyler\Desktop\God of Fire\God of Fire\lwjgl\jar\lwjgl.jar;C:\Users\Tyler\Desktop\God of Fire\God of Fire\slick\lib\slick.jar
Launcher Type: SUN_STANDARD

Environment Variables:
CLASSPATH=.;C:\Program Files (x86)\Java\jre7\lib\ext\QTJava.zip
PATH=C:/Program Files/Java/jre1.8.0_45/bin/server;C:/Program Files/Java/jre1.8.0_45/bin;C:/Program Files/Java/jre1.8.0_45/lib/amd64;C:\ProgramData\Oracle\Java\javapath;C:\WINDOWS\system32;C:\WINDOWS;C:\WINDOWS\System32\Wbem;C:\WINDOWS\System32\WindowsPowerShell\v1.0\;C:\Program Files (x86)\ATI Technologies\ATI.ACE\Core-Static;"C:\Program Files (x86)\Java\jre7\bin";C:\Program Files (x86)\Windows Live\Shared;C:\Program Files (x86)\QuickTime\QTSystem\;"C:\Program Files\Java\jdk1.8.0\bin";C:\Program Files (x86)\AMD\ATI.ACE\Core-Static;C:\Program Files (x86)\Windows Kits\8.1\Windows Performance Toolkit\;C:\Program Files\Microsoft SQL Server\110\Tools\Binn\;C:\Program Files (x86)\Microsoft SDKs\TypeScript\1.0\;C:\Program Files\Microsoft SQL Server\120\Tools\Binn\;C:\Program Files (x86)\Skype\Phone\;C:\Program Files (x86)\NVIDIA Corporation\PhysX\Common;C:\WINDOWS\system32;
USERNAME=Tyler
OS=Windows_NT
PROCESSOR_IDENTIFIER=AMD64 Family 21 Model 2 Stepping 0, AuthenticAMD



---------------  S Y S T E M  ---------------

OS: Windows 10.0 , 64 bit Build 10240 (10.0.10240.16384)

CPU:total 8 (8 cores per cpu, 1 threads per core) family 21 model 2 stepping 0, cmov, cx8, fxsr, mmx, sse, sse2, sse3, ssse3, sse4.1, sse4.2, popcnt, avx, aes, clmul, mmxext, 3dnowpref, lzcnt, sse4a, tsc, tscinvbit, tscinv, bmi1

Memory: 4k page, physical 8345216k(1939236k free), swap 14636672k(4632432k free)

vm_info: Java HotSpot(TM) 64-Bit Server VM (25.45-b02) for windows-amd64 JRE (1.8.0_45-b14), built on Apr 10 2015 10:34:15 by "java_re" with MS VC++ 10.0 (VS2010)

time: Thu Dec 10 15:52:32 2015
elapsed time: 29 seconds (0d 0h 0m 29s)

